{
  "RSpec": {
    "coverage": {
      "/home/gabriel/Desktop/Códigos/rails/estudologia/developer-test-rails/estudologia/spec/controllers/web_pages_controller_spec.rb": [
        1,
        null,
        1,
        1,
        null,
        null,
        null,
        null,
        8,
        null,
        5,
        null,
        1,
        1,
        1,
        1,
        null,
        null,
        1,
        1,
        1,
        null,
        null,
        1,
        1,
        1,
        1,
        null,
        null,
        null,
        1,
        1,
        1,
        1,
        1,
        null,
        null,
        1,
        1,
        1,
        null,
        null,
        null,
        1,
        1,
        1,
        1,
        null,
        null,
        null,
        1,
        1,
        1,
        1,
        1,
        null,
        null,
        null,
        1,
        1,
        1,
        1,
        null,
        null,
        null,
        1,
        1,
        1,
        null,
        null,
        1,
        1,
        1,
        null,
        null,
        null,
        1,
        1,
        1,
        null,
        null,
        null,
        1,
        1,
        null,
        null,
        null,
        null,
        2,
        null,
        1,
        1,
        1,
        1,
        1,
        null,
        null,
        1,
        1,
        1,
        1,
        null,
        null,
        1,
        1,
        1,
        1,
        1,
        null,
        null,
        1,
        1,
        1,
        1,
        1,
        null,
        null,
        null,
        1,
        1,
        1,
        1,
        1,
        null,
        null,
        null,
        1,
        1,
        1,
        1,
        null,
        null,
        null
      ],
      "/home/gabriel/Desktop/Códigos/rails/estudologia/developer-test-rails/estudologia/spec/rails_helper.rb": [
        null,
        1,
        1,
        1,
        null,
        1,
        1,
        null,
        null,
        null,
        null,
        null,
        null,
        null,
        null,
        null,
        null,
        null,
        null,
        null,
        null,
        null,
        null,
        null,
        null,
        null,
        1,
        null,
        1,
        null,
        1,
        null,
        null,
        null,
        null,
        1,
        null,
        null,
        null,
        null,
        null,
        null,
        null,
        null,
        null,
        null,
        null,
        null,
        null,
        null,
        1,
        null,
        null,
        1,
        null,
        null,
        null
      ],
      "/home/gabriel/Desktop/Códigos/rails/estudologia/developer-test-rails/estudologia/config/environment.rb": [
        null,
        1,
        null,
        null,
        1
      ],
      "/home/gabriel/Desktop/Códigos/rails/estudologia/developer-test-rails/estudologia/config/application.rb": [
        1,
        null,
        1,
        null,
        null,
        null,
        1,
        null,
        1,
        1,
        null,
        null,
        null,
        null,
        null
      ],
      "/home/gabriel/Desktop/Códigos/rails/estudologia/developer-test-rails/estudologia/config/boot.rb": [
        1,
        null,
        1
      ],
      "/home/gabriel/Desktop/Códigos/rails/estudologia/developer-test-rails/estudologia/config/environments/test.rb": [
        1,
        null,
        null,
        null,
        null,
        null,
        null,
        1,
        null,
        null,
        null,
        null,
        1,
        null,
        null,
        1,
        1,
        null,
        null,
        null,
        null,
        1,
        1,
        null,
        null,
        1,
        null,
        null,
        1,
        1,
        null,
        null,
        null,
        null,
        1,
        null,
        null,
        1,
        null,
        null,
        null,
        null
      ],
      "/home/gabriel/Desktop/Códigos/rails/estudologia/developer-test-rails/estudologia/config/initializers/application_controller_renderer.rb": [
        null,
        null,
        null,
        null,
        null,
        null,
        null,
        null
      ],
      "/home/gabriel/Desktop/Códigos/rails/estudologia/developer-test-rails/estudologia/config/initializers/assets.rb": [
        null,
        null,
        null,
        1,
        null,
        null,
        null,
        null,
        null,
        null,
        null
      ],
      "/home/gabriel/Desktop/Códigos/rails/estudologia/developer-test-rails/estudologia/config/initializers/backtrace_silencers.rb": [
        null,
        null,
        null,
        null,
        null,
        null,
        null
      ],
      "/home/gabriel/Desktop/Códigos/rails/estudologia/developer-test-rails/estudologia/config/initializers/cookies_serializer.rb": [
        null,
        null,
        null,
        null,
        1
      ],
      "/home/gabriel/Desktop/Códigos/rails/estudologia/developer-test-rails/estudologia/config/initializers/filter_parameter_logging.rb": [
        null,
        null,
        null,
        1
      ],
      "/home/gabriel/Desktop/Códigos/rails/estudologia/developer-test-rails/estudologia/config/initializers/inflections.rb": [
        null,
        null,
        null,
        null,
        null,
        null,
        null,
        null,
        null,
        null,
        null,
        null,
        null,
        null,
        null,
        null
      ],
      "/home/gabriel/Desktop/Códigos/rails/estudologia/developer-test-rails/estudologia/config/initializers/mime_types.rb": [
        null,
        null,
        null,
        null
      ],
      "/home/gabriel/Desktop/Códigos/rails/estudologia/developer-test-rails/estudologia/config/initializers/new_framework_defaults.rb": [
        null,
        null,
        null,
        null,
        null,
        null,
        1,
        null,
        null,
        1,
        null,
        null,
        1,
        null,
        null,
        null,
        1,
        null,
        null,
        1,
        null,
        null,
        1,
        null,
        null,
        1
      ],
      "/home/gabriel/Desktop/Códigos/rails/estudologia/developer-test-rails/estudologia/config/initializers/session_store.rb": [
        null,
        null,
        1
      ],
      "/home/gabriel/Desktop/Códigos/rails/estudologia/developer-test-rails/estudologia/config/initializers/wrap_parameters.rb": [
        null,
        null,
        null,
        null,
        null,
        null,
        1,
        2,
        null,
        null,
        null,
        null,
        null,
        null
      ],
      "/home/gabriel/Desktop/Códigos/rails/estudologia/developer-test-rails/estudologia/app/helpers/application_helper.rb": [
        1,
        null
      ],
      "/home/gabriel/Desktop/Códigos/rails/estudologia/developer-test-rails/estudologia/app/helpers/web_pages_helper.rb": [
        1,
        null
      ],
      "/home/gabriel/Desktop/Códigos/rails/estudologia/developer-test-rails/estudologia/spec/factories/web_pages.rb": [
        1,
        1,
        1,
        1,
        1,
        1,
        null,
        null
      ],
      "/home/gabriel/Desktop/Códigos/rails/estudologia/developer-test-rails/estudologia/config/routes.rb": [
        1,
        1,
        1,
        null
      ],
      "/home/gabriel/Desktop/Códigos/rails/estudologia/developer-test-rails/estudologia/app/controllers/web_pages_controller.rb": [
        1,
        1,
        null,
        null,
        null,
        1,
        4,
        null,
        null,
        null,
        null,
        1,
        null,
        null,
        null,
        1,
        1,
        null,
        null,
        null,
        1,
        null,
        null,
        null,
        null,
        1,
        4,
        null,
        4,
        4,
        4,
        2,
        null,
        4,
        2,
        null,
        null,
        null,
        null,
        null,
        null,
        1,
        4,
        4,
        4,
        2,
        null,
        4,
        2,
        null,
        null,
        null,
        null,
        null,
        null,
        1,
        2,
        2,
        4,
        2,
        null,
        null,
        null,
        1,
        null,
        null,
        1,
        8,
        null,
        null,
        null,
        1,
        8,
        null,
        null
      ],
      "/home/gabriel/Desktop/Códigos/rails/estudologia/developer-test-rails/estudologia/app/controllers/application_controller.rb": [
        1,
        1,
        null
      ],
      "/home/gabriel/Desktop/Códigos/rails/estudologia/developer-test-rails/estudologia/spec/models/web_page_spec.rb": [
        1,
        null,
        1,
        1,
        1,
        null,
        null,
        1,
        1,
        1,
        null,
        null
      ],
      "/home/gabriel/Desktop/Códigos/rails/estudologia/developer-test-rails/estudologia/app/models/web_page.rb": [
        1,
        1,
        1,
        1,
        1,
        null
      ],
      "/home/gabriel/Desktop/Códigos/rails/estudologia/developer-test-rails/estudologia/app/models/application_record.rb": [
        1,
        1,
        null
      ]
    },
    "timestamp": 1508708397
  }
}
